<?xml version="1.0" encoding="UTF-8"?>
<!-- Generated by org.testng.reporters.JUnitReportReporter -->
<testsuite name="com.testscripts.framework.TestDoorDashChilis" tests="1" time="18.134" ignored="68" failures="0" timestamp="26 Nov 2021 06:10:45 GMT" skipped="0" hostname="DHQWB1" errors="1">
  <testcase name="TC90_DOORDASH_CHROME_VERIFY_ITEM_ADDTOCART_CHECKOUT" time="18.134" classname="com.testscripts.framework.TestDoorDashChilis">
    <error type="java.lang.NullPointerException">
      <![CDATA[java.lang.NullPointerException
	at com.configuration.framework.Base.stopWebTest(Base.java:152)
	at com.pageaction.framework.FunctionalComponents.webLogin(FunctionalComponents.java:13770)
	at com.testscripts.framework.TestDoorDashChilis.TC90_DOORDASH_CHROME_VERIFY_ITEM_ADDTOCART_CHECKOUT(TestDoorDashChilis.java:155)
	at sun.reflect.NativeMethodAccessorImpl.invoke0(Native Method)
	at sun.reflect.NativeMethodAccessorImpl.invoke(Unknown Source)
	at sun.reflect.DelegatingMethodAccessorImpl.invoke(Unknown Source)
	at java.lang.reflect.Method.invoke(Unknown Source)
	at org.testng.internal.MethodInvocationHelper.invokeMethod(MethodInvocationHelper.java:104)
	at org.testng.internal.Invoker.invokeMethod(Invoker.java:645)
	at org.testng.internal.Invoker.retryFailed(Invoker.java:998)
	at org.testng.internal.Invoker.invokeTestMethods(Invoker.java:1200)
	at org.testng.internal.TestMethodWorker.invokeTestMethods(TestMethodWorker.java:129)
	at org.testng.internal.TestMethodWorker.run(TestMethodWorker.java:112)
	at org.testng.TestRunner.privateRun(TestRunner.java:756)
	at org.testng.TestRunner.run(TestRunner.java:610)
	at org.testng.SuiteRunner.runTest(SuiteRunner.java:387)
	at org.testng.SuiteRunner.runSequentially(SuiteRunner.java:382)
	at org.testng.SuiteRunner.privateRun(SuiteRunner.java:340)
	at org.testng.SuiteRunner.run(SuiteRunner.java:289)
	at org.testng.SuiteRunnerWorker.runSuite(SuiteRunnerWorker.java:52)
	at org.testng.SuiteRunnerWorker.run(SuiteRunnerWorker.java:86)
	at org.testng.TestNG.runSuitesSequentially(TestNG.java:1293)
	at org.testng.TestNG.runSuitesLocally(TestNG.java:1218)
	at org.testng.TestNG.runSuites(TestNG.java:1133)
	at org.testng.TestNG.run(TestNG.java:1104)
	at com.testrunner.framework.TestRunner.main(TestRunner.java:51)
]]>
    </error>
  </testcase> <!-- TC90_DOORDASH_CHROME_VERIFY_ITEM_ADDTOCART_CHECKOUT -->
  <testcase name="TC03_UberEats_HomePage_UI" classname="com.testscripts.framework.TestUberEats">
    <skipped/>
  </testcase> <!-- TC03_UberEats_HomePage_UI -->
  <testcase name="TC02_UberEats_ValidateStoreHomepage" classname="com.testscripts.framework.TestUberEats">
    <skipped/>
  </testcase> <!-- TC02_UberEats_ValidateStoreHomepage -->
  <testcase name="TC23_UberEats_ValidateOrderSLDelivery" classname="com.testscripts.framework.TestUberEats">
    <skipped/>
  </testcase> <!-- TC23_UberEats_ValidateOrderSLDelivery -->
  <testcase name="TC31_UberEats_ValidateDifferentTimezoneOrder" classname="com.testscripts.framework.TestUberEats">
    <skipped/>
  </testcase> <!-- TC31_UberEats_ValidateDifferentTimezoneOrder -->
  <testcase name="TC06_UberEats_ValidateMenuPrice" classname="com.testscripts.framework.TestUberEats">
    <skipped/>
  </testcase> <!-- TC06_UberEats_ValidateMenuPrice -->
  <testcase name="TC51_UberEats_VERIFY_MultipleItemOrder" classname="com.testscripts.framework.TestUberEats">
    <skipped/>
  </testcase> <!-- TC51_UberEats_VERIFY_MultipleItemOrder -->
  <testcase name="TC22_UberEats_ValidateOrderASAPDelivery" classname="com.testscripts.framework.TestUberEats">
    <skipped/>
  </testcase> <!-- TC22_UberEats_ValidateOrderASAPDelivery -->
  <testcase name="TC10_UberEats_Verify_OrderModes" classname="com.testscripts.framework.TestUberEats">
    <skipped/>
  </testcase> <!-- TC10_UberEats_Verify_OrderModes -->
  <testcase name="TC01_UberEats_ValidateIsStoreEnabled" classname="com.testscripts.framework.TestUberEats">
    <skipped/>
  </testcase> <!-- TC01_UberEats_ValidateIsStoreEnabled -->
  <testcase name="TC49_UberEats_changeQuantityAtCheckoutPage" classname="com.testscripts.framework.TestUberEats">
    <skipped/>
  </testcase> <!-- TC49_UberEats_changeQuantityAtCheckoutPage -->
  <testcase name="TC35_UberEats_ValidateOrders" classname="com.testscripts.framework.TestUberEats">
    <skipped/>
  </testcase> <!-- TC35_UberEats_ValidateOrders -->
  <testcase name="TC53_UberEats_Verify_AddItemInCheckoutPage" classname="com.testscripts.framework.TestUberEats">
    <skipped/>
  </testcase> <!-- TC53_UberEats_Verify_AddItemInCheckoutPage -->
  <testcase name="TC28_UberEats_VerifyOrderDetails" classname="com.testscripts.framework.TestUberEats">
    <skipped/>
  </testcase> <!-- TC28_UberEats_VerifyOrderDetails -->
  <testcase name="TC36_UberEats_Verify_PastOrderItemAndPrice" classname="com.testscripts.framework.TestUberEats">
    <skipped/>
  </testcase> <!-- TC36_UberEats_Verify_PastOrderItemAndPrice -->
  <testcase name="TC04_UberEats_ValidateMenuCategory" classname="com.testscripts.framework.TestUberEats">
    <skipped/>
  </testcase> <!-- TC04_UberEats_ValidateMenuCategory -->
  <testcase name="TC52_UberEats_ValidateItemCustomization" classname="com.testscripts.framework.TestUberEats">
    <skipped/>
  </testcase> <!-- TC52_UberEats_ValidateItemCustomization -->
  <testcase name="TC05_UberEats_ValidateMenuItemDescription" classname="com.testscripts.framework.TestUberEats">
    <skipped/>
  </testcase> <!-- TC05_UberEats_ValidateMenuItemDescription -->
  <testcase name="TC50_UberEats_RemoveQuantityAtCheckoutPage" classname="com.testscripts.framework.TestUberEats">
    <skipped/>
  </testcase> <!-- TC50_UberEats_RemoveQuantityAtCheckoutPage -->
  <testcase name="TC09_UberEats_ValidateMenuItemIncreaseDecrease" classname="com.testscripts.framework.TestUberEats">
    <skipped/>
  </testcase> <!-- TC09_UberEats_ValidateMenuItemIncreaseDecrease -->
  <testcase name="TC08_UberEats_Verify_AddtoCart" classname="com.testscripts.framework.TestUberEats">
    <skipped/>
  </testcase> <!-- TC08_UberEats_Verify_AddtoCart -->
  <testcase name="TC97_DOORDASH_CHROME_VERIFY_DELIVERY_ORDER_ASAP_LunchComboSpicyShrimpTacos" classname="com.testscripts.framework.TestDoorDashChilis">
    <skipped/>
  </testcase> <!-- TC97_DOORDASH_CHROME_VERIFY_DELIVERY_ORDER_ASAP_LunchComboSpicyShrimpTacos -->
  <testcase name="TC03_DOORDASH_CHROME_VERIFY_ADDTOCART" classname="com.testscripts.framework.TestDoorDashChilis">
    <skipped/>
  </testcase> <!-- TC03_DOORDASH_CHROME_VERIFY_ADDTOCART -->
  <testcase name="TC96_DOORDASH_CHROME_ValidatePickupAsap_GrilledChickenSalad" classname="com.testscripts.framework.TestDoorDashChilis">
    <skipped/>
  </testcase> <!-- TC96_DOORDASH_CHROME_ValidatePickupAsap_GrilledChickenSalad -->
  <testcase name="TC101_DOORDASH_CHROME_ValidateItemCustomization" classname="com.testscripts.framework.TestDoorDashChilis">
    <skipped/>
  </testcase> <!-- TC101_DOORDASH_CHROME_ValidateItemCustomization -->
  <testcase name="TC99_DOORDASH_CHROME_ValidatePickupScheduleLater_BaconRanchChickenQuesadillas" classname="com.testscripts.framework.TestDoorDashChilis">
    <skipped/>
  </testcase> <!-- TC99_DOORDASH_CHROME_ValidatePickupScheduleLater_BaconRanchChickenQuesadillas -->
  <testcase name="TC09_DOORDASH_CHROME_ValidateMenuItemPrice" classname="com.testscripts.framework.TestDoorDashChilis">
    <skipped/>
  </testcase> <!-- TC09_DOORDASH_CHROME_ValidateMenuItemPrice -->
  <testcase name="TC91_DOORDASH_CHROME_ValidateItemIncreaseDecrease" classname="com.testscripts.framework.TestDoorDashChilis">
    <skipped/>
  </testcase> <!-- TC91_DOORDASH_CHROME_ValidateItemIncreaseDecrease -->
  <testcase name="TC03_DOORDASH_CHROME_VERIFY_REMOVEITEM" classname="com.testscripts.framework.TestDoorDashChilis">
    <skipped/>
  </testcase> <!-- TC03_DOORDASH_CHROME_VERIFY_REMOVEITEM -->
  <testcase name="TC05_DOORDASH_CHROME_EnterTipAmountZero" classname="com.testscripts.framework.TestDoorDashChilis">
    <skipped/>
  </testcase> <!-- TC05_DOORDASH_CHROME_EnterTipAmountZero -->
  <testcase name="TC07_DOORDASH_CHROME_ValidateMenuCategory" classname="com.testscripts.framework.TestDoorDashChilis">
    <skipped/>
  </testcase> <!-- TC07_DOORDASH_CHROME_ValidateMenuCategory -->
  <testcase name="TC02_DOORDASH_CHROME_ChangeLocation" classname="com.testscripts.framework.TestDoorDashChilis">
    <skipped/>
  </testcase> <!-- TC02_DOORDASH_CHROME_ChangeLocation -->
  <testcase name="TC93_DOORDASH_CHROME_ValidatePickupScheduleLater_QuesadillaExplosionSalad" classname="com.testscripts.framework.TestDoorDashChilis">
    <skipped/>
  </testcase> <!-- TC93_DOORDASH_CHROME_ValidatePickupScheduleLater_QuesadillaExplosionSalad -->
  <testcase name="TC98_DOORDASH_CHROME_VERIFY_DELIVERY_SCHEDULE_ORDER_MoltenChocolateCake" classname="com.testscripts.framework.TestDoorDashChilis">
    <skipped/>
  </testcase> <!-- TC98_DOORDASH_CHROME_VERIFY_DELIVERY_SCHEDULE_ORDER_MoltenChocolateCake -->
  <testcase name="TC104_DOORDASH_CHROME_VERIFY_ItemIncreaseDecreaseAfterCheckout" classname="com.testscripts.framework.TestDoorDashChilis">
    <skipped/>
  </testcase> <!-- TC104_DOORDASH_CHROME_VERIFY_ItemIncreaseDecreaseAfterCheckout -->
  <testcase name="TC94_DOORDASH_CHROME_VERIFY_DELIVERY_ORDER_ASAP_MargaritaGrilledChicken" classname="com.testscripts.framework.TestDoorDashChilis">
    <skipped/>
  </testcase> <!-- TC94_DOORDASH_CHROME_VERIFY_DELIVERY_ORDER_ASAP_MargaritaGrilledChicken -->
  <testcase name="TC100_DOORDASH_CHROME_ValidatePickupAsap_UltimateSmokehouseCombo" classname="com.testscripts.framework.TestDoorDashChilis">
    <skipped/>
  </testcase> <!-- TC100_DOORDASH_CHROME_ValidatePickupAsap_UltimateSmokehouseCombo -->
  <testcase name="TC95_DOORDASH_CHROME_VERIFY_DELIVERY_SCHEDULE_ORDER_CrispyChickenCrispers" classname="com.testscripts.framework.TestDoorDashChilis">
    <skipped/>
  </testcase> <!-- TC95_DOORDASH_CHROME_VERIFY_DELIVERY_SCHEDULE_ORDER_CrispyChickenCrispers -->
  <testcase name="TC04_DOORDASH_CHROME_VERIFY_Checkout" classname="com.testscripts.framework.TestDoorDashChilis">
    <skipped/>
  </testcase> <!-- TC04_DOORDASH_CHROME_VERIFY_Checkout -->
  <testcase name="TC102_DOORDASH_CHROME_VERIFY_MultipleItemOrder" classname="com.testscripts.framework.TestDoorDashChilis">
    <skipped/>
  </testcase> <!-- TC102_DOORDASH_CHROME_VERIFY_MultipleItemOrder -->
  <testcase name="TC06_DOORDASH_CHROME_VERIFY_Homepage_UI" classname="com.testscripts.framework.TestDoorDashChilis">
    <skipped/>
  </testcase> <!-- TC06_DOORDASH_CHROME_VERIFY_Homepage_UI -->
  <testcase name="TC08_DOORDASH_CHROME_ValidateMenuItemDescription" classname="com.testscripts.framework.TestDoorDashChilis">
    <skipped/>
  </testcase> <!-- TC08_DOORDASH_CHROME_ValidateMenuItemDescription -->
  <testcase name="TC92_DOORDASH_CHROME_VERIFY_ORDER_MODES" classname="com.testscripts.framework.TestDoorDashChilis">
    <skipped/>
  </testcase> <!-- TC92_DOORDASH_CHROME_VERIFY_ORDER_MODES -->
  <testcase name="TC103_DOORDASH_CHROME_VERIFY_AddMoreItems" classname="com.testscripts.framework.TestDoorDashChilis">
    <skipped/>
  </testcase> <!-- TC103_DOORDASH_CHROME_VERIFY_AddMoreItems -->
  <testcase name="TC94_IJW_VERIFY_DELIVERY_ORDER_ASAP" classname="com.testscripts.framework.TestIJW">
    <skipped/>
  </testcase> <!-- TC94_IJW_VERIFY_DELIVERY_ORDER_ASAP -->
  <testcase name="IJW_VERIFY_DELIVERY_ORDER_ASAP_FOR_2ITEMS" classname="com.testscripts.framework.TestIJW">
    <skipped/>
  </testcase> <!-- IJW_VERIFY_DELIVERY_ORDER_ASAP_FOR_2ITEMS -->
  <testcase name="TC_DOORDASH_IJW_VERIFY_DELIVERY_TOMORROW" classname="com.testscripts.framework.TestIJW">
    <skipped/>
  </testcase> <!-- TC_DOORDASH_IJW_VERIFY_DELIVERY_TOMORROW -->
  <testcase name="TC_DOORDASH_IJW_VERIFY_REMOVEITEM_AFTER_CHECKOUT_WHEN_MANYITEM_PRESENT" classname="com.testscripts.framework.TestIJW">
    <skipped/>
  </testcase> <!-- TC_DOORDASH_IJW_VERIFY_REMOVEITEM_AFTER_CHECKOUT_WHEN_MANYITEM_PRESENT -->
  <testcase name="TC_DOORDASH_IJW_VERIFY_REMOVE_AN_ITEM_WHEN_MANY_PRESENT_BEFORE_CHECKOUT" classname="com.testscripts.framework.TestIJW">
    <skipped/>
  </testcase> <!-- TC_DOORDASH_IJW_VERIFY_REMOVE_AN_ITEM_WHEN_MANY_PRESENT_BEFORE_CHECKOUT -->
  <testcase name="TC91_ValidateItemIncreaseDecrease" classname="com.testscripts.framework.TestIJW">
    <skipped/>
  </testcase> <!-- TC91_ValidateItemIncreaseDecrease -->
  <testcase name="TC01_DOORDASH_IJW_LoginLogout" classname="com.testscripts.framework.TestIJW">
    <skipped/>
  </testcase> <!-- TC01_DOORDASH_IJW_LoginLogout -->
  <testcase name="TC06_IJW_VERIFY_Homepage_UI" classname="com.testscripts.framework.TestIJW">
    <skipped/>
  </testcase> <!-- TC06_IJW_VERIFY_Homepage_UI -->
  <testcase name="TC_IJW_VERIFY_PICKUP_ORDER_ASAP" classname="com.testscripts.framework.TestIJW">
    <skipped/>
  </testcase> <!-- TC_IJW_VERIFY_PICKUP_ORDER_ASAP -->
  <testcase name="TC93_IJW_ValidatePickupScheduleLater" classname="com.testscripts.framework.TestIJW">
    <skipped/>
  </testcase> <!-- TC93_IJW_ValidatePickupScheduleLater -->
  <testcase name="TC92_IJW_VERIFY_ORDER_MODES" classname="com.testscripts.framework.TestIJW">
    <skipped/>
  </testcase> <!-- TC92_IJW_VERIFY_ORDER_MODES -->
  <testcase name="TC90_VERIFY_ITEM_ADDTOCART_CHECKOUT" classname="com.testscripts.framework.TestIJW">
    <skipped/>
  </testcase> <!-- TC90_VERIFY_ITEM_ADDTOCART_CHECKOUT -->
  <testcase name="TC_DOORDASH_IJW_VERIFY_VIEWORDERS" classname="com.testscripts.framework.TestIJW">
    <skipped/>
  </testcase> <!-- TC_DOORDASH_IJW_VERIFY_VIEWORDERS -->
  <testcase name="TC09_IJW_ValidateMenuPrice" classname="com.testscripts.framework.TestIJW">
    <skipped/>
  </testcase> <!-- TC09_IJW_ValidateMenuPrice -->
  <testcase name="TC07_IJW_ValidateMenuCategory" classname="com.testscripts.framework.TestIJW">
    <skipped/>
  </testcase> <!-- TC07_IJW_ValidateMenuCategory -->
  <testcase name="TC03_IJW_VERIFY_ADDTOCART" classname="com.testscripts.framework.TestIJW">
    <skipped/>
  </testcase> <!-- TC03_IJW_VERIFY_ADDTOCART -->
  <testcase name="TC_DOORDASH_IJW_VERIFY_REORDER" classname="com.testscripts.framework.TestIJW">
    <skipped/>
  </testcase> <!-- TC_DOORDASH_IJW_VERIFY_REORDER -->
  <testcase name="TC_DOORDASH_IJW_VERIFY_REMOVEITEMWHEN_NO_ITEM_BEFORE_CHECKOUT" classname="com.testscripts.framework.TestIJW">
    <skipped/>
  </testcase> <!-- TC_DOORDASH_IJW_VERIFY_REMOVEITEMWHEN_NO_ITEM_BEFORE_CHECKOUT -->
  <testcase name="TC04_IJW_CHROME_VERIFY_Checkout" classname="com.testscripts.framework.TestIJW">
    <skipped/>
  </testcase> <!-- TC04_IJW_CHROME_VERIFY_Checkout -->
  <testcase name="TC_DOORDASH_IJW_VERIFY_REMOVEITEM_BEFORE_CHECKOUT" classname="com.testscripts.framework.TestIJW">
    <skipped/>
  </testcase> <!-- TC_DOORDASH_IJW_VERIFY_REMOVEITEM_BEFORE_CHECKOUT -->
  <testcase name="TC95_IJW_VERIFY_DELIVERY_SCHEDULE_ORDER_TODAY" classname="com.testscripts.framework.TestIJW">
    <skipped/>
  </testcase> <!-- TC95_IJW_VERIFY_DELIVERY_SCHEDULE_ORDER_TODAY -->
  <testcase name="TC_DOORDASH_IJW_VERIFY_VIEWPREVIOUSORDERS" classname="com.testscripts.framework.TestIJW">
    <skipped/>
  </testcase> <!-- TC_DOORDASH_IJW_VERIFY_VIEWPREVIOUSORDERS -->
  <testcase name="TC_DOORDASH_IJW_VERIFY_REMOVEITEM_AFTER_CHECKOUT" classname="com.testscripts.framework.TestIJW">
    <skipped/>
  </testcase> <!-- TC_DOORDASH_IJW_VERIFY_REMOVEITEM_AFTER_CHECKOUT -->
  <testcase name="TC08_IJW_ValidateMenuDescription" classname="com.testscripts.framework.TestIJW">
    <skipped/>
  </testcase> <!-- TC08_IJW_ValidateMenuDescription -->
  <testcase name="TC05_IJW_EnterTipAmountZero" classname="com.testscripts.framework.TestIJW">
    <skipped/>
  </testcase> <!-- TC05_IJW_EnterTipAmountZero -->
</testsuite> <!-- com.testscripts.framework.TestDoorDashChilis -->
