<?xml version="1.0" encoding="UTF-8"?>
<!-- Generated by org.testng.reporters.JUnitReportReporter -->
<testsuite name="com.testscripts.framework.TestChilisAndroidBrowser" tests="1" time="91.636" ignored="214" failures="0" timestamp="08 Nov 2021 17:49:06 GMT" skipped="0" hostname="LTIN137680" errors="1">
  <testcase name="TC01_ANDROID_BROWSER_LoginLogout_TestCase" time="91.636" classname="com.testscripts.framework.TestChilisAndroidBrowser">
    <error type="java.lang.NullPointerException">
      <![CDATA[java.lang.NullPointerException
	at com.configuration.framework.Base.stopTestforMobileBrowser(Base.java:114)
	at com.pageaction.framework.FunctionalComponents.validateLogin(FunctionalComponents.java:452)
	at com.testscripts.framework.TestChilisAndroidBrowser.TC01_ANDROID_BROWSER_LoginLogout_TestCase(TestChilisAndroidBrowser.java:69)
	at sun.reflect.NativeMethodAccessorImpl.invoke0(Native Method)
	at sun.reflect.NativeMethodAccessorImpl.invoke(Unknown Source)
	at sun.reflect.DelegatingMethodAccessorImpl.invoke(Unknown Source)
	at java.lang.reflect.Method.invoke(Unknown Source)
	at org.testng.internal.MethodInvocationHelper.invokeMethod(MethodInvocationHelper.java:104)
	at org.testng.internal.Invoker.invokeMethod(Invoker.java:645)
	at org.testng.internal.Invoker.retryFailed(Invoker.java:998)
	at org.testng.internal.Invoker.invokeTestMethods(Invoker.java:1200)
	at org.testng.internal.TestMethodWorker.invokeTestMethods(TestMethodWorker.java:129)
	at org.testng.internal.TestMethodWorker.run(TestMethodWorker.java:112)
	at org.testng.TestRunner.privateRun(TestRunner.java:756)
	at org.testng.TestRunner.run(TestRunner.java:610)
	at org.testng.SuiteRunner.runTest(SuiteRunner.java:387)
	at org.testng.SuiteRunner.runSequentially(SuiteRunner.java:382)
	at org.testng.SuiteRunner.privateRun(SuiteRunner.java:340)
	at org.testng.SuiteRunner.run(SuiteRunner.java:289)
	at org.testng.SuiteRunnerWorker.runSuite(SuiteRunnerWorker.java:52)
	at org.testng.SuiteRunnerWorker.run(SuiteRunnerWorker.java:86)
	at org.testng.TestNG.runSuitesSequentially(TestNG.java:1293)
	at org.testng.TestNG.runSuitesLocally(TestNG.java:1218)
	at org.testng.TestNG.runSuites(TestNG.java:1133)
	at org.testng.TestNG.run(TestNG.java:1104)
	at com.testrunner.framework.TestRunner.main(TestRunner.java:46)
]]>
    </error>
  </testcase> <!-- TC01_ANDROID_BROWSER_LoginLogout_TestCase -->
  <testcase name="TC03_DOORDASH_CHROME_VERIFY_ADDTOCART" classname="com.testscripts.framework.TestDoorDashChilis">
    <skipped/>
  </testcase> <!-- TC03_DOORDASH_CHROME_VERIFY_ADDTOCART -->
  <testcase name="TC97_DOORDASH_CHROME_VERIFY_DELIVERY_ORDER_ASAP_LunchComboSpicyShrimpTacos" classname="com.testscripts.framework.TestDoorDashChilis">
    <skipped/>
  </testcase> <!-- TC97_DOORDASH_CHROME_VERIFY_DELIVERY_ORDER_ASAP_LunchComboSpicyShrimpTacos -->
  <testcase name="TC96_DOORDASH_CHROME_ValidatePickupAsap_GrilledChickenSalad" classname="com.testscripts.framework.TestDoorDashChilis">
    <skipped/>
  </testcase> <!-- TC96_DOORDASH_CHROME_ValidatePickupAsap_GrilledChickenSalad -->
  <testcase name="TC101_DOORDASH_CHROME_ValidateItemCustomization" classname="com.testscripts.framework.TestDoorDashChilis">
    <skipped/>
  </testcase> <!-- TC101_DOORDASH_CHROME_ValidateItemCustomization -->
  <testcase name="TC90_DOORDASH_CHROME_VERIFY_ITEM_ADDTOCART_CHECKOUT" classname="com.testscripts.framework.TestDoorDashChilis">
    <skipped/>
  </testcase> <!-- TC90_DOORDASH_CHROME_VERIFY_ITEM_ADDTOCART_CHECKOUT -->
  <testcase name="TC09_DOORDASH_CHROME_ValidateMenuItemPrice" classname="com.testscripts.framework.TestDoorDashChilis">
    <skipped/>
  </testcase> <!-- TC09_DOORDASH_CHROME_ValidateMenuItemPrice -->
  <testcase name="TC99_DOORDASH_CHROME_ValidatePickupScheduleLater_BaconRanchChickenQuesadillas" classname="com.testscripts.framework.TestDoorDashChilis">
    <skipped/>
  </testcase> <!-- TC99_DOORDASH_CHROME_ValidatePickupScheduleLater_BaconRanchChickenQuesadillas -->
  <testcase name="TC91_DOORDASH_CHROME_ValidateItemIncreaseDecrease" classname="com.testscripts.framework.TestDoorDashChilis">
    <skipped/>
  </testcase> <!-- TC91_DOORDASH_CHROME_ValidateItemIncreaseDecrease -->
  <testcase name="TC03_DOORDASH_CHROME_VERIFY_REMOVEITEM" classname="com.testscripts.framework.TestDoorDashChilis">
    <skipped/>
  </testcase> <!-- TC03_DOORDASH_CHROME_VERIFY_REMOVEITEM -->
  <testcase name="TC05_DOORDASH_CHROME_EnterTipAmountZero" classname="com.testscripts.framework.TestDoorDashChilis">
    <skipped/>
  </testcase> <!-- TC05_DOORDASH_CHROME_EnterTipAmountZero -->
  <testcase name="TC07_DOORDASH_CHROME_ValidateMenuCategory" classname="com.testscripts.framework.TestDoorDashChilis">
    <skipped/>
  </testcase> <!-- TC07_DOORDASH_CHROME_ValidateMenuCategory -->
  <testcase name="TC02_DOORDASH_CHROME_ChangeLocation" classname="com.testscripts.framework.TestDoorDashChilis">
    <skipped/>
  </testcase> <!-- TC02_DOORDASH_CHROME_ChangeLocation -->
  <testcase name="TC93_DOORDASH_CHROME_ValidatePickupScheduleLater_QuesadillaExplosionSalad" classname="com.testscripts.framework.TestDoorDashChilis">
    <skipped/>
  </testcase> <!-- TC93_DOORDASH_CHROME_ValidatePickupScheduleLater_QuesadillaExplosionSalad -->
  <testcase name="TC98_DOORDASH_CHROME_VERIFY_DELIVERY_SCHEDULE_ORDER_MoltenChocolateCake" classname="com.testscripts.framework.TestDoorDashChilis">
    <skipped/>
  </testcase> <!-- TC98_DOORDASH_CHROME_VERIFY_DELIVERY_SCHEDULE_ORDER_MoltenChocolateCake -->
  <testcase name="TC104_DOORDASH_CHROME_VERIFY_ItemIncreaseDecreaseAfterCheckout" classname="com.testscripts.framework.TestDoorDashChilis">
    <skipped/>
  </testcase> <!-- TC104_DOORDASH_CHROME_VERIFY_ItemIncreaseDecreaseAfterCheckout -->
  <testcase name="TC94_DOORDASH_CHROME_VERIFY_DELIVERY_ORDER_ASAP_MargaritaGrilledChicken" classname="com.testscripts.framework.TestDoorDashChilis">
    <skipped/>
  </testcase> <!-- TC94_DOORDASH_CHROME_VERIFY_DELIVERY_ORDER_ASAP_MargaritaGrilledChicken -->
  <testcase name="TC100_DOORDASH_CHROME_ValidatePickupAsap_UltimateSmokehouseCombo" classname="com.testscripts.framework.TestDoorDashChilis">
    <skipped/>
  </testcase> <!-- TC100_DOORDASH_CHROME_ValidatePickupAsap_UltimateSmokehouseCombo -->
  <testcase name="TC95_DOORDASH_CHROME_VERIFY_DELIVERY_SCHEDULE_ORDER_CrispyChickenCrispers" classname="com.testscripts.framework.TestDoorDashChilis">
    <skipped/>
  </testcase> <!-- TC95_DOORDASH_CHROME_VERIFY_DELIVERY_SCHEDULE_ORDER_CrispyChickenCrispers -->
  <testcase name="TC04_DOORDASH_CHROME_VERIFY_Checkout" classname="com.testscripts.framework.TestDoorDashChilis">
    <skipped/>
  </testcase> <!-- TC04_DOORDASH_CHROME_VERIFY_Checkout -->
  <testcase name="TC102_DOORDASH_CHROME_VERIFY_MultipleItemOrder" classname="com.testscripts.framework.TestDoorDashChilis">
    <skipped/>
  </testcase> <!-- TC102_DOORDASH_CHROME_VERIFY_MultipleItemOrder -->
  <testcase name="TC06_DOORDASH_CHROME_VERIFY_Homepage_UI" classname="com.testscripts.framework.TestDoorDashChilis">
    <skipped/>
  </testcase> <!-- TC06_DOORDASH_CHROME_VERIFY_Homepage_UI -->
  <testcase name="TC08_DOORDASH_CHROME_ValidateMenuItemDescription" classname="com.testscripts.framework.TestDoorDashChilis">
    <skipped/>
  </testcase> <!-- TC08_DOORDASH_CHROME_ValidateMenuItemDescription -->
  <testcase name="TC92_DOORDASH_CHROME_VERIFY_ORDER_MODES" classname="com.testscripts.framework.TestDoorDashChilis">
    <skipped/>
  </testcase> <!-- TC92_DOORDASH_CHROME_VERIFY_ORDER_MODES -->
  <testcase name="TC103_DOORDASH_CHROME_VERIFY_AddMoreItems" classname="com.testscripts.framework.TestDoorDashChilis">
    <skipped/>
  </testcase> <!-- TC103_DOORDASH_CHROME_VERIFY_AddMoreItems -->
  <testcase name="TC11_IOS_APP_CurbsideGuestUserOrder_TestCase" classname="com.testscripts.framework.TestChilisIOSApp">
    <skipped/>
  </testcase> <!-- TC11_IOS_APP_CurbsideGuestUserOrder_TestCase -->
  <testcase name="TC04_IOS_APP_UpdateMyAccount_TestCase" classname="com.testscripts.framework.TestChilisIOSApp">
    <skipped/>
  </testcase> <!-- TC04_IOS_APP_UpdateMyAccount_TestCase -->
  <testcase name="TC19_IOS_APP_Reorder_TestCase" classname="com.testscripts.framework.TestChilisIOSApp">
    <skipped/>
  </testcase> <!-- TC19_IOS_APP_Reorder_TestCase -->
  <testcase name="TC01_IOS_APP_LoginLogout_TestCase" classname="com.testscripts.framework.TestChilisIOSApp">
    <skipped/>
  </testcase> <!-- TC01_IOS_APP_LoginLogout_TestCase -->
  <testcase name="TC16_IOS_APP_CurbsideItemCustomizationOrder_MCAUser_TestCase" classname="com.testscripts.framework.TestChilisIOSApp">
    <skipped/>
  </testcase> <!-- TC16_IOS_APP_CurbsideItemCustomizationOrder_MCAUser_TestCase -->
  <testcase name="TC08_IOS_APP_CarryoutASAPOrder_MCAUser_TestCase" classname="com.testscripts.framework.TestChilisIOSApp">
    <skipped/>
  </testcase> <!-- TC08_IOS_APP_CarryoutASAPOrder_MCAUser_TestCase -->
  <testcase name="TC10_IOS_APP_CurbsideLaterTodayOrder_MCAUser_TestCase" classname="com.testscripts.framework.TestChilisIOSApp">
    <skipped/>
  </testcase> <!-- TC10_IOS_APP_CurbsideLaterTodayOrder_MCAUser_TestCase -->
  <testcase name="TC06_IOS_APP_loggedInUserOrder_TestCase" classname="com.testscripts.framework.TestChilisIOSApp">
    <skipped/>
  </testcase> <!-- TC06_IOS_APP_loggedInUserOrder_TestCase -->
  <testcase name="TC07_IOS_APP_CurbsideASAPOrder_MCAUser_TestCase" classname="com.testscripts.framework.TestChilisIOSApp">
    <skipped/>
  </testcase> <!-- TC07_IOS_APP_CurbsideASAPOrder_MCAUser_TestCase -->
  <testcase name="TC12_IOS_APP_DeliveryASAP_GuestUserOrder_TestCase" classname="com.testscripts.framework.TestChilisIOSApp">
    <skipped/>
  </testcase> <!-- TC12_IOS_APP_DeliveryASAP_GuestUserOrder_TestCase -->
  <testcase name="TC18_IOS_APP_CarryOutFutureFavouriteItemsOrder_SignedInUser_TestCase" classname="com.testscripts.framework.TestChilisIOSApp">
    <skipped/>
  </testcase> <!-- TC18_IOS_APP_CarryOutFutureFavouriteItemsOrder_SignedInUser_TestCase -->
  <testcase name="TC21_IOS_APP_PlaceOrderWithRewards_TestCase" classname="com.testscripts.framework.TestChilisIOSApp">
    <skipped/>
  </testcase> <!-- TC21_IOS_APP_PlaceOrderWithRewards_TestCase -->
  <testcase name="TC02_IOS_APP_ValidateLocationSearch_TestCase" classname="com.testscripts.framework.TestChilisIOSApp">
    <skipped/>
  </testcase> <!-- TC02_IOS_APP_ValidateLocationSearch_TestCase -->
  <testcase name="TC13_IOS_APP_DeliveryLaterToday_GuestUserOrder_TestCase" classname="com.testscripts.framework.TestChilisIOSApp">
    <skipped/>
  </testcase> <!-- TC13_IOS_APP_DeliveryLaterToday_GuestUserOrder_TestCase -->
  <testcase name="TC14_IOS_APP_DeliveryASAPOrder_MCAUser_TestCase" classname="com.testscripts.framework.TestChilisIOSApp">
    <skipped/>
  </testcase> <!-- TC14_IOS_APP_DeliveryASAPOrder_MCAUser_TestCase -->
  <testcase name="TC03_IOS_APP_RewardsValidation_loggedInUser_TestCase" classname="com.testscripts.framework.TestChilisIOSApp">
    <skipped/>
  </testcase> <!-- TC03_IOS_APP_RewardsValidation_loggedInUser_TestCase -->
  <testcase name="TC15_IOS_APP_DeliveryLaterTodayOrder_MCAUser_TestCase" classname="com.testscripts.framework.TestChilisIOSApp">
    <skipped/>
  </testcase> <!-- TC15_IOS_APP_DeliveryLaterTodayOrder_MCAUser_TestCase -->
  <testcase name="TC05_IOS_APP_validateChilisFavouriteItems_TestCase" classname="com.testscripts.framework.TestChilisIOSApp">
    <skipped/>
  </testcase> <!-- TC05_IOS_APP_validateChilisFavouriteItems_TestCase -->
  <testcase name="TC20_IOS_APP_AddMyVisit_TestCase" classname="com.testscripts.framework.TestChilisIOSApp">
    <skipped/>
  </testcase> <!-- TC20_IOS_APP_AddMyVisit_TestCase -->
  <testcase name="TC17_IOS_APP_CarryOutFutureOrderItemCustomizationOrder_GuestUser_TestCase" classname="com.testscripts.framework.TestChilisIOSApp">
    <skipped/>
  </testcase> <!-- TC17_IOS_APP_CarryOutFutureOrderItemCustomizationOrder_GuestUser_TestCase -->
  <testcase name="TC09_IOS_APP_CarryoutLaterTodayOrder_MCAUser_TestCase" classname="com.testscripts.framework.TestChilisIOSApp">
    <skipped/>
  </testcase> <!-- TC09_IOS_APP_CarryoutLaterTodayOrder_MCAUser_TestCase -->
  <testcase name="TC33_ANDROID_BROWSER_QA2_CurbsideOrder_GuestUser_TestCase" classname="com.testscripts.framework.TestChilisAndroidBrowser">
    <skipped/>
  </testcase> <!-- TC33_ANDROID_BROWSER_QA2_CurbsideOrder_GuestUser_TestCase -->
  <testcase name="TC05_ANDROID_BROWSER_CurbSideLaterTodayOrder_MCAUser_TestCase" classname="com.testscripts.framework.TestChilisAndroidBrowser">
    <skipped/>
  </testcase> <!-- TC05_ANDROID_BROWSER_CurbSideLaterTodayOrder_MCAUser_TestCase -->
  <testcase name="TC42_ANDROID_BROWSER_QA2_AddMyVisit_TestCase" classname="com.testscripts.framework.TestChilisAndroidBrowser">
    <skipped/>
  </testcase> <!-- TC42_ANDROID_BROWSER_QA2_AddMyVisit_TestCase -->
  <testcase name="TC32_ANDROID_BROWSER_QA2_CarryOutFutureOrder_TestCase" classname="com.testscripts.framework.TestChilisAndroidBrowser">
    <skipped/>
  </testcase> <!-- TC32_ANDROID_BROWSER_QA2_CarryOutFutureOrder_TestCase -->
  <testcase name="TC10_ANDROID_BROWSER_Reorder_TestCase" classname="com.testscripts.framework.TestChilisAndroidBrowser">
    <skipped/>
  </testcase> <!-- TC10_ANDROID_BROWSER_Reorder_TestCase -->
  <testcase name="TC13_ANDROID_BROWSER_DeliveryASAP_GuestUser_TestCase" classname="com.testscripts.framework.TestChilisAndroidBrowser">
    <skipped/>
  </testcase> <!-- TC13_ANDROID_BROWSER_DeliveryASAP_GuestUser_TestCase -->
  <testcase name="TC20_ANDROID_BROWSER_CarryOutFutureCustomizedOrder_GuestUser_TestCase" classname="com.testscripts.framework.TestChilisAndroidBrowser">
    <skipped/>
  </testcase> <!-- TC20_ANDROID_BROWSER_CarryOutFutureCustomizedOrder_GuestUser_TestCase -->
  <testcase name="TC07_ANDROID_BROWSER_DeliveryASAPOrder_MCAUser_TestCase" classname="com.testscripts.framework.TestChilisAndroidBrowser">
    <skipped/>
  </testcase> <!-- TC07_ANDROID_BROWSER_DeliveryASAPOrder_MCAUser_TestCase -->
  <testcase name="TC03_ANDROID_BROWSER_CurbsideASAPorder_MCAUser_TestCase" classname="com.testscripts.framework.TestChilisAndroidBrowser">
    <skipped/>
  </testcase> <!-- TC03_ANDROID_BROWSER_CurbsideASAPorder_MCAUser_TestCase -->
  <testcase name="TC21_ANDROID_BROWSER_AddMyVisit_TestCase" classname="com.testscripts.framework.TestChilisAndroidBrowser">
    <skipped/>
  </testcase> <!-- TC21_ANDROID_BROWSER_AddMyVisit_TestCase -->
  <testcase name="TC11_ANDROID_BROWSER_CarryOutFutureOrder_TestCase" classname="com.testscripts.framework.TestChilisAndroidBrowser">
    <skipped/>
  </testcase> <!-- TC11_ANDROID_BROWSER_CarryOutFutureOrder_TestCase -->
  <testcase name="TC27_ANDROID_BROWSER_QA2_CarryOutASAPOrder_MCAUser_TestCase" classname="com.testscripts.framework.TestChilisAndroidBrowser">
    <skipped/>
  </testcase> <!-- TC27_ANDROID_BROWSER_QA2_CarryOutASAPOrder_MCAUser_TestCase -->
  <testcase name="TC34_ANDROID_BROWSER_QA2_DeliveryASAP_GuestUser_TestCase" classname="com.testscripts.framework.TestChilisAndroidBrowser">
    <skipped/>
  </testcase> <!-- TC34_ANDROID_BROWSER_QA2_DeliveryASAP_GuestUser_TestCase -->
  <testcase name="TC40_ANDROID_BROWSER_QA2_CurbsideCustomizationOrder_MCAUser_TestCase" classname="com.testscripts.framework.TestChilisAndroidBrowser">
    <skipped/>
  </testcase> <!-- TC40_ANDROID_BROWSER_QA2_CurbsideCustomizationOrder_MCAUser_TestCase -->
  <testcase name="TC28_ANDROID_BROWSER_QA2_DeliveryASAPOrder_MCAUser_TestCase" classname="com.testscripts.framework.TestChilisAndroidBrowser">
    <skipped/>
  </testcase> <!-- TC28_ANDROID_BROWSER_QA2_DeliveryASAPOrder_MCAUser_TestCase -->
  <testcase name="TC15_ANDROID_BROWSER_RewardsValidation_loggedInUser_TestCase" classname="com.testscripts.framework.TestChilisAndroidBrowser">
    <skipped/>
  </testcase> <!-- TC15_ANDROID_BROWSER_RewardsValidation_loggedInUser_TestCase -->
  <testcase name="TC12_ANDROID_BROWSER_CurbsideOrder_GuestUser_TestCase" classname="com.testscripts.framework.TestChilisAndroidBrowser">
    <skipped/>
  </testcase> <!-- TC12_ANDROID_BROWSER_CurbsideOrder_GuestUser_TestCase -->
  <testcase name="TC23_ANDROID_BROWSER_QA2_LoggedInUserOrder_TestCase" classname="com.testscripts.framework.TestChilisAndroidBrowser">
    <skipped/>
  </testcase> <!-- TC23_ANDROID_BROWSER_QA2_LoggedInUserOrder_TestCase -->
  <testcase name="TC18_ANDROID_BROWSER_UpdateMyAccount_TestCase" classname="com.testscripts.framework.TestChilisAndroidBrowser">
    <skipped/>
  </testcase> <!-- TC18_ANDROID_BROWSER_UpdateMyAccount_TestCase -->
  <testcase name="TC36_ANDROID_BROWSER_QA2_RewardsValidation_loggedInUser_TestCase" classname="com.testscripts.framework.TestChilisAndroidBrowser">
    <skipped/>
  </testcase> <!-- TC36_ANDROID_BROWSER_QA2_RewardsValidation_loggedInUser_TestCase -->
  <testcase name="TC35_ANDROID_BROWSER_QA2_deliveryLaterTodayOrder_GuestUser_TestCase" classname="com.testscripts.framework.TestChilisAndroidBrowser">
    <skipped/>
  </testcase> <!-- TC35_ANDROID_BROWSER_QA2_deliveryLaterTodayOrder_GuestUser_TestCase -->
  <testcase name="TC02_ANDROID_BROWSER_LoggedInUserOrder_TestCase" classname="com.testscripts.framework.TestChilisAndroidBrowser">
    <skipped/>
  </testcase> <!-- TC02_ANDROID_BROWSER_LoggedInUserOrder_TestCase -->
  <testcase name="TC38_ANDROID_BROWSER_QA2_ValidateFavouriteItems_TestCase" classname="com.testscripts.framework.TestChilisAndroidBrowser">
    <skipped/>
  </testcase> <!-- TC38_ANDROID_BROWSER_QA2_ValidateFavouriteItems_TestCase -->
  <testcase name="TC37_ANDROID_BROWSER_QA2_ValidateLocationSearch_TestCase" classname="com.testscripts.framework.TestChilisAndroidBrowser">
    <skipped/>
  </testcase> <!-- TC37_ANDROID_BROWSER_QA2_ValidateLocationSearch_TestCase -->
  <testcase name="TC14_ANDROID_BROWSER_deliveryLaterTodayOrder_GuestUser_TestCase" classname="com.testscripts.framework.TestChilisAndroidBrowser">
    <skipped/>
  </testcase> <!-- TC14_ANDROID_BROWSER_deliveryLaterTodayOrder_GuestUser_TestCase -->
  <testcase name="TC25_ANDROID_BROWSER_QA2_CarryOutLaterTodayOrder_MCAUser_TestCase" classname="com.testscripts.framework.TestChilisAndroidBrowser">
    <skipped/>
  </testcase> <!-- TC25_ANDROID_BROWSER_QA2_CarryOutLaterTodayOrder_MCAUser_TestCase -->
  <testcase name="TC41_ANDROID_BROWSER_QA2_CarryOutFutureCustomizedOrder_GuestUser_TestCase" classname="com.testscripts.framework.TestChilisAndroidBrowser">
    <skipped/>
  </testcase> <!-- TC41_ANDROID_BROWSER_QA2_CarryOutFutureCustomizedOrder_GuestUser_TestCase -->
  <testcase name="TC16_ANDROID_BROWSER_ValidateLocationSearch_TestCase" classname="com.testscripts.framework.TestChilisAndroidBrowser">
    <skipped/>
  </testcase> <!-- TC16_ANDROID_BROWSER_ValidateLocationSearch_TestCase -->
  <testcase name="TC22_ANDROID_BROWSER_QA2_LoginLogout_TestCase" classname="com.testscripts.framework.TestChilisAndroidBrowser">
    <skipped/>
  </testcase> <!-- TC22_ANDROID_BROWSER_QA2_LoginLogout_TestCase -->
  <testcase name="TC29_ANDROID_BROWSER_QA2_DeliveryLaterTodayOrder_MCAUser_TestCase" classname="com.testscripts.framework.TestChilisAndroidBrowser">
    <skipped/>
  </testcase> <!-- TC29_ANDROID_BROWSER_QA2_DeliveryLaterTodayOrder_MCAUser_TestCase -->
  <testcase name="TC04_ANDROID_BROWSER_CarryOutLaterTodayOrder_MCAUser_TestCase" classname="com.testscripts.framework.TestChilisAndroidBrowser">
    <skipped/>
  </testcase> <!-- TC04_ANDROID_BROWSER_CarryOutLaterTodayOrder_MCAUser_TestCase -->
  <testcase name="TC06_ANDROID_BROWSER_CarryOutASAPOrder_MCAUser_TestCase" classname="com.testscripts.framework.TestChilisAndroidBrowser">
    <skipped/>
  </testcase> <!-- TC06_ANDROID_BROWSER_CarryOutASAPOrder_MCAUser_TestCase -->
  <testcase name="TC09_ANDROID_BROWSER_PlaceOrderWithRewards_TestCase" classname="com.testscripts.framework.TestChilisAndroidBrowser">
    <skipped/>
  </testcase> <!-- TC09_ANDROID_BROWSER_PlaceOrderWithRewards_TestCase -->
  <testcase name="TC30_ANDROID_BROWSER_QA2_PlaceOrderWithRewards_TestCase" classname="com.testscripts.framework.TestChilisAndroidBrowser">
    <skipped/>
  </testcase> <!-- TC30_ANDROID_BROWSER_QA2_PlaceOrderWithRewards_TestCase -->
  <testcase name="TC19_ANDROID_BROWSER_CurbsideCustomizationOrder_MCAUser_TestCase" classname="com.testscripts.framework.TestChilisAndroidBrowser">
    <skipped/>
  </testcase> <!-- TC19_ANDROID_BROWSER_CurbsideCustomizationOrder_MCAUser_TestCase -->
  <testcase name="TC39_ANDROID_BROWSER_QA2_UpdateMyAccount_TestCase" classname="com.testscripts.framework.TestChilisAndroidBrowser">
    <skipped/>
  </testcase> <!-- TC39_ANDROID_BROWSER_QA2_UpdateMyAccount_TestCase -->
  <testcase name="TC31_ANDROID_BROWSER_QA2_Reorder_TestCase" classname="com.testscripts.framework.TestChilisAndroidBrowser">
    <skipped/>
  </testcase> <!-- TC31_ANDROID_BROWSER_QA2_Reorder_TestCase -->
  <testcase name="TC24_ANDROID_BROWSER_QA2_CurbsideASAPorder_MCAUser_TestCase" classname="com.testscripts.framework.TestChilisAndroidBrowser">
    <skipped/>
  </testcase> <!-- TC24_ANDROID_BROWSER_QA2_CurbsideASAPorder_MCAUser_TestCase -->
  <testcase name="TC08_ANDROID_BROWSER_DeliveryLaterTodayOrder_MCAUser_TestCase" classname="com.testscripts.framework.TestChilisAndroidBrowser">
    <skipped/>
  </testcase> <!-- TC08_ANDROID_BROWSER_DeliveryLaterTodayOrder_MCAUser_TestCase -->
  <testcase name="TC17_ANDROID_BROWSER_ValidateFavouriteItems_TestCase" classname="com.testscripts.framework.TestChilisAndroidBrowser">
    <skipped/>
  </testcase> <!-- TC17_ANDROID_BROWSER_ValidateFavouriteItems_TestCase -->
  <testcase name="TC26_ANDROID_BROWSER_QA2_CurbSideLaterTodayOrder_MCAUser_TestCase" classname="com.testscripts.framework.TestChilisAndroidBrowser">
    <skipped/>
  </testcase> <!-- TC26_ANDROID_BROWSER_QA2_CurbSideLaterTodayOrder_MCAUser_TestCase -->
  <testcase name="TC94_IJW_VERIFY_DELIVERY_ORDER_ASAP" classname="com.testscripts.framework.TestIJW">
    <skipped/>
  </testcase> <!-- TC94_IJW_VERIFY_DELIVERY_ORDER_ASAP -->
  <testcase name="IJW_VERIFY_DELIVERY_ORDER_ASAP_FOR_2ITEMS" classname="com.testscripts.framework.TestIJW">
    <skipped/>
  </testcase> <!-- IJW_VERIFY_DELIVERY_ORDER_ASAP_FOR_2ITEMS -->
  <testcase name="TC_DOORDASH_IJW_VERIFY_DELIVERY_TOMORROW" classname="com.testscripts.framework.TestIJW">
    <skipped/>
  </testcase> <!-- TC_DOORDASH_IJW_VERIFY_DELIVERY_TOMORROW -->
  <testcase name="TC_DOORDASH_IJW_VERIFY_REMOVEITEM_AFTER_CHECKOUT_WHEN_MANYITEM_PRESENT" classname="com.testscripts.framework.TestIJW">
    <skipped/>
  </testcase> <!-- TC_DOORDASH_IJW_VERIFY_REMOVEITEM_AFTER_CHECKOUT_WHEN_MANYITEM_PRESENT -->
  <testcase name="TC_DOORDASH_IJW_VERIFY_REMOVE_AN_ITEM_WHEN_MANY_PRESENT_BEFORE_CHECKOUT" classname="com.testscripts.framework.TestIJW">
    <skipped/>
  </testcase> <!-- TC_DOORDASH_IJW_VERIFY_REMOVE_AN_ITEM_WHEN_MANY_PRESENT_BEFORE_CHECKOUT -->
  <testcase name="TC91_ValidateItemIncreaseDecrease" classname="com.testscripts.framework.TestIJW">
    <skipped/>
  </testcase> <!-- TC91_ValidateItemIncreaseDecrease -->
  <testcase name="TC01_DOORDASH_IJW_LoginLogout" classname="com.testscripts.framework.TestIJW">
    <skipped/>
  </testcase> <!-- TC01_DOORDASH_IJW_LoginLogout -->
  <testcase name="TC06_IJW_VERIFY_Homepage_UI" classname="com.testscripts.framework.TestIJW">
    <skipped/>
  </testcase> <!-- TC06_IJW_VERIFY_Homepage_UI -->
  <testcase name="TC_IJW_VERIFY_PICKUP_ORDER_ASAP" classname="com.testscripts.framework.TestIJW">
    <skipped/>
  </testcase> <!-- TC_IJW_VERIFY_PICKUP_ORDER_ASAP -->
  <testcase name="TC93_IJW_ValidatePickupScheduleLater" classname="com.testscripts.framework.TestIJW">
    <skipped/>
  </testcase> <!-- TC93_IJW_ValidatePickupScheduleLater -->
  <testcase name="TC92_IJW_VERIFY_ORDER_MODES" classname="com.testscripts.framework.TestIJW">
    <skipped/>
  </testcase> <!-- TC92_IJW_VERIFY_ORDER_MODES -->
  <testcase name="TC90_VERIFY_ITEM_ADDTOCART_CHECKOUT" classname="com.testscripts.framework.TestIJW">
    <skipped/>
  </testcase> <!-- TC90_VERIFY_ITEM_ADDTOCART_CHECKOUT -->
  <testcase name="TC_DOORDASH_IJW_VERIFY_VIEWORDERS" classname="com.testscripts.framework.TestIJW">
    <skipped/>
  </testcase> <!-- TC_DOORDASH_IJW_VERIFY_VIEWORDERS -->
  <testcase name="TC09_IJW_ValidateMenuPrice" classname="com.testscripts.framework.TestIJW">
    <skipped/>
  </testcase> <!-- TC09_IJW_ValidateMenuPrice -->
  <testcase name="TC07_IJW_ValidateMenuCategory" classname="com.testscripts.framework.TestIJW">
    <skipped/>
  </testcase> <!-- TC07_IJW_ValidateMenuCategory -->
  <testcase name="TC03_IJW_VERIFY_ADDTOCART" classname="com.testscripts.framework.TestIJW">
    <skipped/>
  </testcase> <!-- TC03_IJW_VERIFY_ADDTOCART -->
  <testcase name="TC_DOORDASH_IJW_VERIFY_REORDER" classname="com.testscripts.framework.TestIJW">
    <skipped/>
  </testcase> <!-- TC_DOORDASH_IJW_VERIFY_REORDER -->
  <testcase name="TC_DOORDASH_IJW_VERIFY_REMOVEITEMWHEN_NO_ITEM_BEFORE_CHECKOUT" classname="com.testscripts.framework.TestIJW">
    <skipped/>
  </testcase> <!-- TC_DOORDASH_IJW_VERIFY_REMOVEITEMWHEN_NO_ITEM_BEFORE_CHECKOUT -->
  <testcase name="TC04_IJW_CHROME_VERIFY_Checkout" classname="com.testscripts.framework.TestIJW">
    <skipped/>
  </testcase> <!-- TC04_IJW_CHROME_VERIFY_Checkout -->
  <testcase name="TC_DOORDASH_IJW_VERIFY_REMOVEITEM_BEFORE_CHECKOUT" classname="com.testscripts.framework.TestIJW">
    <skipped/>
  </testcase> <!-- TC_DOORDASH_IJW_VERIFY_REMOVEITEM_BEFORE_CHECKOUT -->
  <testcase name="TC95_IJW_VERIFY_DELIVERY_SCHEDULE_ORDER_TODAY" classname="com.testscripts.framework.TestIJW">
    <skipped/>
  </testcase> <!-- TC95_IJW_VERIFY_DELIVERY_SCHEDULE_ORDER_TODAY -->
  <testcase name="TC_DOORDASH_IJW_VERIFY_VIEWPREVIOUSORDERS" classname="com.testscripts.framework.TestIJW">
    <skipped/>
  </testcase> <!-- TC_DOORDASH_IJW_VERIFY_VIEWPREVIOUSORDERS -->
  <testcase name="TC_DOORDASH_IJW_VERIFY_REMOVEITEM_AFTER_CHECKOUT" classname="com.testscripts.framework.TestIJW">
    <skipped/>
  </testcase> <!-- TC_DOORDASH_IJW_VERIFY_REMOVEITEM_AFTER_CHECKOUT -->
  <testcase name="TC08_IJW_ValidateMenuDescription" classname="com.testscripts.framework.TestIJW">
    <skipped/>
  </testcase> <!-- TC08_IJW_ValidateMenuDescription -->
  <testcase name="TC05_IJW_EnterTipAmountZero" classname="com.testscripts.framework.TestIJW">
    <skipped/>
  </testcase> <!-- TC05_IJW_EnterTipAmountZero -->
  <testcase name="TC20_ANDROID_APP_UpdateMyAccount_TestCase" classname="com.testscripts.framework.TestChilisAndroidApp">
    <skipped/>
  </testcase> <!-- TC20_ANDROID_APP_UpdateMyAccount_TestCase -->
  <testcase name="TC14_ANDROID_APP_DeliveryLaterTodayOrder_GuestUser_TestCase" classname="com.testscripts.framework.TestChilisAndroidApp">
    <skipped/>
  </testcase> <!-- TC14_ANDROID_APP_DeliveryLaterTodayOrder_GuestUser_TestCase -->
  <testcase name="TC40_ANDROID_APP_QA2_Reorder_TestCase" classname="com.testscripts.framework.TestChilisAndroidApp">
    <skipped/>
  </testcase> <!-- TC40_ANDROID_APP_QA2_Reorder_TestCase -->
  <testcase name="TC18_ANDROID_APP_CarryOutFutureOrderItemCustomization_GuestUser_TestCase" classname="com.testscripts.framework.TestChilisAndroidApp">
    <skipped/>
  </testcase> <!-- TC18_ANDROID_APP_CarryOutFutureOrderItemCustomization_GuestUser_TestCase -->
  <testcase name="TC34_ANDROID_APP_QA2_DeliveryASAP_MCAUser_TestCase" classname="com.testscripts.framework.TestChilisAndroidApp">
    <skipped/>
  </testcase> <!-- TC34_ANDROID_APP_QA2_DeliveryASAP_MCAUser_TestCase -->
  <testcase name="TC30_ANDROID_APP_QA2_CurbsideASAP_MCAUser_TestCase" classname="com.testscripts.framework.TestChilisAndroidApp">
    <skipped/>
  </testcase> <!-- TC30_ANDROID_APP_QA2_CurbsideASAP_MCAUser_TestCase -->
  <testcase name="TC02_ANDROID_APP_validateLocationSearch_TestCase" classname="com.testscripts.framework.TestChilisAndroidApp">
    <skipped/>
  </testcase> <!-- TC02_ANDROID_APP_validateLocationSearch_TestCase -->
  <testcase name="TC28_ANDROID_APP_QA2_CurbsideOrder_GuestUser_TestCase" classname="com.testscripts.framework.TestChilisAndroidApp">
    <skipped/>
  </testcase> <!-- TC28_ANDROID_APP_QA2_CurbsideOrder_GuestUser_TestCase -->
  <testcase name="TC19_ANDROID_APP_Reorder_TestCase" classname="com.testscripts.framework.TestChilisAndroidApp">
    <skipped/>
  </testcase> <!-- TC19_ANDROID_APP_Reorder_TestCase -->
  <testcase name="TC07_ANDROID_APP_CurbsideOrder_GuestUser_TestCase" classname="com.testscripts.framework.TestChilisAndroidApp">
    <skipped/>
  </testcase> <!-- TC07_ANDROID_APP_CurbsideOrder_GuestUser_TestCase -->
  <testcase name="TC05_ANDROID_APP_loggedInUserOrder_TestCase" classname="com.testscripts.framework.TestChilisAndroidApp">
    <skipped/>
  </testcase> <!-- TC05_ANDROID_APP_loggedInUserOrder_TestCase -->
  <testcase name="TC08_ANDROID_APP_CarryOutASAP_MCAUser_TestCase" classname="com.testscripts.framework.TestChilisAndroidApp">
    <skipped/>
  </testcase> <!-- TC08_ANDROID_APP_CarryOutASAP_MCAUser_TestCase -->
  <testcase name="TC25_ANDROID_APP_QA2_validateChilisFavouriteItems_TestCase" classname="com.testscripts.framework.TestChilisAndroidApp">
    <skipped/>
  </testcase> <!-- TC25_ANDROID_APP_QA2_validateChilisFavouriteItems_TestCase -->
  <testcase name="TC12_ANDROID_APP_DeliveryLaterToday_MCAUser_TestCase" classname="com.testscripts.framework.TestChilisAndroidApp">
    <skipped/>
  </testcase> <!-- TC12_ANDROID_APP_DeliveryLaterToday_MCAUser_TestCase -->
  <testcase name="TC37_ANDROID_APP_QA2_CurbsideItemCustomization_MCAUser_TestCase" classname="com.testscripts.framework.TestChilisAndroidApp">
    <skipped/>
  </testcase> <!-- TC37_ANDROID_APP_QA2_CurbsideItemCustomization_MCAUser_TestCase -->
  <testcase name="TC10_ANDROID_APP_CarryOutLaterToday_MCAUser_TestCase" classname="com.testscripts.framework.TestChilisAndroidApp">
    <skipped/>
  </testcase> <!-- TC10_ANDROID_APP_CarryOutLaterToday_MCAUser_TestCase -->
  <testcase name="TC26_ANDROID_APP_QA2_loggedInUserOrder_TestCase" classname="com.testscripts.framework.TestChilisAndroidApp">
    <skipped/>
  </testcase> <!-- TC26_ANDROID_APP_QA2_loggedInUserOrder_TestCase -->
  <testcase name="TC16_ANDROID_APP_CurbsideItemCustomization_MCAUser_TestCase" classname="com.testscripts.framework.TestChilisAndroidApp">
    <skipped/>
  </testcase> <!-- TC16_ANDROID_APP_CurbsideItemCustomization_MCAUser_TestCase -->
  <testcase name="TC09_ANDROID_APP_CurbsideASAP_MCAUser_TestCase" classname="com.testscripts.framework.TestChilisAndroidApp">
    <skipped/>
  </testcase> <!-- TC09_ANDROID_APP_CurbsideASAP_MCAUser_TestCase -->
  <testcase name="TC36_ANDROID_APP_QA2_DeliveryASAPOrder_GuestUser_TestCase" classname="com.testscripts.framework.TestChilisAndroidApp">
    <skipped/>
  </testcase> <!-- TC36_ANDROID_APP_QA2_DeliveryASAPOrder_GuestUser_TestCase -->
  <testcase name="TC41_ANDROID_APP_QA2_UpdateMyAccount_TestCase" classname="com.testscripts.framework.TestChilisAndroidApp">
    <skipped/>
  </testcase> <!-- TC41_ANDROID_APP_QA2_UpdateMyAccount_TestCase -->
  <testcase name="TC31_ANDROID_APP_QA2_CarryOutLaterToday_MCAUser_TestCase" classname="com.testscripts.framework.TestChilisAndroidApp">
    <skipped/>
  </testcase> <!-- TC31_ANDROID_APP_QA2_CarryOutLaterToday_MCAUser_TestCase -->
  <testcase name="TC24_ANDROID_APP_QA2_validateRewards_SignedInUser_TestCase" classname="com.testscripts.framework.TestChilisAndroidApp">
    <skipped/>
  </testcase> <!-- TC24_ANDROID_APP_QA2_validateRewards_SignedInUser_TestCase -->
  <testcase name="TC39_ANDROID_APP_QA2_CarryOutFutureOrderItemCustomization_GuestUser_TestCase" classname="com.testscripts.framework.TestChilisAndroidApp">
    <skipped/>
  </testcase> <!-- TC39_ANDROID_APP_QA2_CarryOutFutureOrderItemCustomization_GuestUser_TestCase -->
  <testcase name="TC21_ANDROID_APP_PlaceOrderWithRewards_TestCase" classname="com.testscripts.framework.TestChilisAndroidApp">
    <skipped/>
  </testcase> <!-- TC21_ANDROID_APP_PlaceOrderWithRewards_TestCase -->
  <testcase name="TC35_ANDROID_APP_QA2_DeliveryLaterTodayOrder_GuestUser_TestCase" classname="com.testscripts.framework.TestChilisAndroidApp">
    <skipped/>
  </testcase> <!-- TC35_ANDROID_APP_QA2_DeliveryLaterTodayOrder_GuestUser_TestCase -->
  <testcase name="TC32_ANDROID_APP_QA2_CurbsideLaterToday_MCAUser_TestCase" classname="com.testscripts.framework.TestChilisAndroidApp">
    <skipped/>
  </testcase> <!-- TC32_ANDROID_APP_QA2_CurbsideLaterToday_MCAUser_TestCase -->
  <testcase name="TC33_ANDROID_APP_QA2_DeliveryLaterToday_MCAUser_TestCase" classname="com.testscripts.framework.TestChilisAndroidApp">
    <skipped/>
  </testcase> <!-- TC33_ANDROID_APP_QA2_DeliveryLaterToday_MCAUser_TestCase -->
  <testcase name="TC42_ANDROID_APP_QA2_PlaceOrderWithRewards_TestCase" classname="com.testscripts.framework.TestChilisAndroidApp">
    <skipped/>
  </testcase> <!-- TC42_ANDROID_APP_QA2_PlaceOrderWithRewards_TestCase -->
  <testcase name="TC27_ANDROID_APP_QA2_AddMyVisit_TestCase" classname="com.testscripts.framework.TestChilisAndroidApp">
    <skipped/>
  </testcase> <!-- TC27_ANDROID_APP_QA2_AddMyVisit_TestCase -->
  <testcase name="TC15_ANDROID_APP_DeliveryASAPOrder_GuestUser_TestCase" classname="com.testscripts.framework.TestChilisAndroidApp">
    <skipped/>
  </testcase> <!-- TC15_ANDROID_APP_DeliveryASAPOrder_GuestUser_TestCase -->
  <testcase name="TC23_ANDROID_APP_QA2_validateLocationSearch_TestCase" classname="com.testscripts.framework.TestChilisAndroidApp">
    <skipped/>
  </testcase> <!-- TC23_ANDROID_APP_QA2_validateLocationSearch_TestCase -->
  <testcase name="TC01_ANDROID_APP_loginLogout_TestCase" classname="com.testscripts.framework.TestChilisAndroidApp">
    <skipped/>
  </testcase> <!-- TC01_ANDROID_APP_loginLogout_TestCase -->
  <testcase name="TC11_ANDROID_APP_CurbsideLaterToday_MCAUser_TestCase" classname="com.testscripts.framework.TestChilisAndroidApp">
    <skipped/>
  </testcase> <!-- TC11_ANDROID_APP_CurbsideLaterToday_MCAUser_TestCase -->
  <testcase name="TC38_ANDROID_APP_QA2_CarryOutFutureDateOrder_MCAUser_TestCase" classname="com.testscripts.framework.TestChilisAndroidApp">
    <skipped/>
  </testcase> <!-- TC38_ANDROID_APP_QA2_CarryOutFutureDateOrder_MCAUser_TestCase -->
  <testcase name="TC22_ANDROID_APP_QA2_loginLogout_TestCase" classname="com.testscripts.framework.TestChilisAndroidApp">
    <skipped/>
  </testcase> <!-- TC22_ANDROID_APP_QA2_loginLogout_TestCase -->
  <testcase name="TC03_ANDROID_APP_validateRewards_SignedInUser_TestCase" classname="com.testscripts.framework.TestChilisAndroidApp">
    <skipped/>
  </testcase> <!-- TC03_ANDROID_APP_validateRewards_SignedInUser_TestCase -->
  <testcase name="TC17_ANDROID_APP_CarryOutFutureDateOrder_MCAUser_TestCase" classname="com.testscripts.framework.TestChilisAndroidApp">
    <skipped/>
  </testcase> <!-- TC17_ANDROID_APP_CarryOutFutureDateOrder_MCAUser_TestCase -->
  <testcase name="TC04_ANDROID_APP_validateChilisFavouriteItems_TestCase" classname="com.testscripts.framework.TestChilisAndroidApp">
    <skipped/>
  </testcase> <!-- TC04_ANDROID_APP_validateChilisFavouriteItems_TestCase -->
  <testcase name="TC13_ANDROID_APP_DeliveryASAP_MCAUser_TestCase" classname="com.testscripts.framework.TestChilisAndroidApp">
    <skipped/>
  </testcase> <!-- TC13_ANDROID_APP_DeliveryASAP_MCAUser_TestCase -->
  <testcase name="TC06_ANDROID_APP_AddMyVisit_TestCase" classname="com.testscripts.framework.TestChilisAndroidApp">
    <skipped/>
  </testcase> <!-- TC06_ANDROID_APP_AddMyVisit_TestCase -->
  <testcase name="TC29_ANDROID_APP_QA2_CarryOutASAP_MCAUser_TestCase" classname="com.testscripts.framework.TestChilisAndroidApp">
    <skipped/>
  </testcase> <!-- TC29_ANDROID_APP_QA2_CarryOutASAP_MCAUser_TestCase -->
  <testcase name="TC03_UberEats_HomePage_UI" classname="com.testscripts.framework.TestUberEats">
    <skipped/>
  </testcase> <!-- TC03_UberEats_HomePage_UI -->
  <testcase name="TC02_UberEats_ValidateStoreHomepage" classname="com.testscripts.framework.TestUberEats">
    <skipped/>
  </testcase> <!-- TC02_UberEats_ValidateStoreHomepage -->
  <testcase name="TC23_UberEats_ValidateOrderSLDelivery" classname="com.testscripts.framework.TestUberEats">
    <skipped/>
  </testcase> <!-- TC23_UberEats_ValidateOrderSLDelivery -->
  <testcase name="TC06_UberEats_ValidateMenuPrice" classname="com.testscripts.framework.TestUberEats">
    <skipped/>
  </testcase> <!-- TC06_UberEats_ValidateMenuPrice -->
  <testcase name="TC31_UberEats_ValidateDifferentTimezoneOrder" classname="com.testscripts.framework.TestUberEats">
    <skipped/>
  </testcase> <!-- TC31_UberEats_ValidateDifferentTimezoneOrder -->
  <testcase name="TC51_UberEats_VERIFY_MultipleItemOrder" classname="com.testscripts.framework.TestUberEats">
    <skipped/>
  </testcase> <!-- TC51_UberEats_VERIFY_MultipleItemOrder -->
  <testcase name="TC22_UberEats_ValidateOrderASAPDelivery" classname="com.testscripts.framework.TestUberEats">
    <skipped/>
  </testcase> <!-- TC22_UberEats_ValidateOrderASAPDelivery -->
  <testcase name="TC10_UberEats_Verify_OrderModes" classname="com.testscripts.framework.TestUberEats">
    <skipped/>
  </testcase> <!-- TC10_UberEats_Verify_OrderModes -->
  <testcase name="TC49_UberEats_changeQuantityAtCheckoutPage" classname="com.testscripts.framework.TestUberEats">
    <skipped/>
  </testcase> <!-- TC49_UberEats_changeQuantityAtCheckoutPage -->
  <testcase name="TC35_UberEats_ValidateOrders" classname="com.testscripts.framework.TestUberEats">
    <skipped/>
  </testcase> <!-- TC35_UberEats_ValidateOrders -->
  <testcase name="TC53_UberEats_Verify_AddItemInCheckoutPage" classname="com.testscripts.framework.TestUberEats">
    <skipped/>
  </testcase> <!-- TC53_UberEats_Verify_AddItemInCheckoutPage -->
  <testcase name="TC28_UberEats_VerifyOrderDetails" classname="com.testscripts.framework.TestUberEats">
    <skipped/>
  </testcase> <!-- TC28_UberEats_VerifyOrderDetails -->
  <testcase name="TC36_UberEats_Verify_PastOrderItemAndPrice" classname="com.testscripts.framework.TestUberEats">
    <skipped/>
  </testcase> <!-- TC36_UberEats_Verify_PastOrderItemAndPrice -->
  <testcase name="TC04_UberEats_ValidateMenuCategory" classname="com.testscripts.framework.TestUberEats">
    <skipped/>
  </testcase> <!-- TC04_UberEats_ValidateMenuCategory -->
  <testcase name="TC52_UberEats_ValidateItemCustomization" classname="com.testscripts.framework.TestUberEats">
    <skipped/>
  </testcase> <!-- TC52_UberEats_ValidateItemCustomization -->
  <testcase name="TC05_UberEats_ValidateMenuItemDescription" classname="com.testscripts.framework.TestUberEats">
    <skipped/>
  </testcase> <!-- TC05_UberEats_ValidateMenuItemDescription -->
  <testcase name="TC50_UberEats_RemoveQuantityAtCheckoutPage" classname="com.testscripts.framework.TestUberEats">
    <skipped/>
  </testcase> <!-- TC50_UberEats_RemoveQuantityAtCheckoutPage -->
  <testcase name="TC09_UberEats_ValidateMenuItemIncreaseDecrease" classname="com.testscripts.framework.TestUberEats">
    <skipped/>
  </testcase> <!-- TC09_UberEats_ValidateMenuItemIncreaseDecrease -->
  <testcase name="TC08_UberEats_Verify_AddtoCart" classname="com.testscripts.framework.TestUberEats">
    <skipped/>
  </testcase> <!-- TC08_UberEats_Verify_AddtoCart -->
  <testcase name="TC16_IOS_BROWSER_CarryOutFutureCustomizedOrder_GuestUser_TestCase" classname="com.testscripts.framework.TestChilisIOSBrowser">
    <skipped/>
  </testcase> <!-- TC16_IOS_BROWSER_CarryOutFutureCustomizedOrder_GuestUser_TestCase -->
  <testcase name="TC05_IOS_BROWSER_CurbSideLaterTodayOrder_MCAUser_TestCase" classname="com.testscripts.framework.TestChilisIOSBrowser">
    <skipped/>
  </testcase> <!-- TC05_IOS_BROWSER_CurbSideLaterTodayOrder_MCAUser_TestCase -->
  <testcase name="TC21_IOS_BROWSER_AddMyVisit_TestCase" classname="com.testscripts.framework.TestChilisIOSBrowser">
    <skipped/>
  </testcase> <!-- TC21_IOS_BROWSER_AddMyVisit_TestCase -->
  <testcase name="TC02_IOS_BROWSER_LoggedInUserOrder_TestCase" classname="com.testscripts.framework.TestChilisIOSBrowser">
    <skipped/>
  </testcase> <!-- TC02_IOS_BROWSER_LoggedInUserOrder_TestCase -->
  <testcase name="TC26_IOS_BROWSER_QA2_CurbSideLaterTodayOrder_MCAUser_TestCase" classname="com.testscripts.framework.TestChilisIOSBrowser">
    <skipped/>
  </testcase> <!-- TC26_IOS_BROWSER_QA2_CurbSideLaterTodayOrder_MCAUser_TestCase -->
  <testcase name="TC11_IOS_BROWSER_deliveryLaterTodayOrder_GuestUser_TestCase" classname="com.testscripts.framework.TestChilisIOSBrowser">
    <skipped/>
  </testcase> <!-- TC11_IOS_BROWSER_deliveryLaterTodayOrder_GuestUser_TestCase -->
  <testcase name="TC24_IOS_BROWSER_QA2_CurbsideASAPorder_MCAUser_TestCase" classname="com.testscripts.framework.TestChilisIOSBrowser">
    <skipped/>
  </testcase> <!-- TC24_IOS_BROWSER_QA2_CurbsideASAPorder_MCAUser_TestCase -->
  <testcase name="TC17_IOS_BROWSER_CarryOutFutureOrder_TestCase" classname="com.testscripts.framework.TestChilisIOSBrowser">
    <skipped/>
  </testcase> <!-- TC17_IOS_BROWSER_CarryOutFutureOrder_TestCase -->
  <testcase name="TC13_IOS_BROWSER_Reorder_TestCase" classname="com.testscripts.framework.TestChilisIOSBrowser">
    <skipped/>
  </testcase> <!-- TC13_IOS_BROWSER_Reorder_TestCase -->
  <testcase name="TC35_IOS_BROWSER_QA2_UpdateMyAccount_TestCase" classname="com.testscripts.framework.TestChilisIOSBrowser">
    <skipped/>
  </testcase> <!-- TC35_IOS_BROWSER_QA2_UpdateMyAccount_TestCase -->
  <testcase name="TC04_IOS_BROWSER_CarryOutLaterTodayOrder_MCAUser_TestCase" classname="com.testscripts.framework.TestChilisIOSBrowser">
    <skipped/>
  </testcase> <!-- TC04_IOS_BROWSER_CarryOutLaterTodayOrder_MCAUser_TestCase -->
  <testcase name="TC06_IOS_BROWSER_CarryOutASAPOrder_MCAUser_TestCase" classname="com.testscripts.framework.TestChilisIOSBrowser">
    <skipped/>
  </testcase> <!-- TC06_IOS_BROWSER_CarryOutASAPOrder_MCAUser_TestCase -->
  <testcase name="TC34_IOS_BROWSER_QA2_Reorder_TestCase" classname="com.testscripts.framework.TestChilisIOSBrowser">
    <skipped/>
  </testcase> <!-- TC34_IOS_BROWSER_QA2_Reorder_TestCase -->
  <testcase name="TC08_IOS_BROWSER_DeliveryLaterTodayOrder_MCAUser_TestCase" classname="com.testscripts.framework.TestChilisIOSBrowser">
    <skipped/>
  </testcase> <!-- TC08_IOS_BROWSER_DeliveryLaterTodayOrder_MCAUser_TestCase -->
  <testcase name="TC41_IOS_BROWSER_QA2_ValidateLocationSearch_GuestUser_TestCase" classname="com.testscripts.framework.TestChilisIOSBrowser">
    <skipped/>
  </testcase> <!-- TC41_IOS_BROWSER_QA2_ValidateLocationSearch_GuestUser_TestCase -->
  <testcase name="TC27_IOS_BROWSER_QA2_CarryOutASAPOrder_MCAUser_TestCase" classname="com.testscripts.framework.TestChilisIOSBrowser">
    <skipped/>
  </testcase> <!-- TC27_IOS_BROWSER_QA2_CarryOutASAPOrder_MCAUser_TestCase -->
  <testcase name="TC19_IOS_BROWSER_ValidateFavouriteItems_TestCase" classname="com.testscripts.framework.TestChilisIOSBrowser">
    <skipped/>
  </testcase> <!-- TC19_IOS_BROWSER_ValidateFavouriteItems_TestCase -->
  <testcase name="TC37_IOS_BROWSER_QA2_CarryOutFutureCustomizedOrder_GuestUser_TestCase" classname="com.testscripts.framework.TestChilisIOSBrowser">
    <skipped/>
  </testcase> <!-- TC37_IOS_BROWSER_QA2_CarryOutFutureCustomizedOrder_GuestUser_TestCase -->
  <testcase name="TC01_IOS_BROWSER_LoginLogoutTestCase" classname="com.testscripts.framework.TestChilisIOSBrowser">
    <skipped/>
  </testcase> <!-- TC01_IOS_BROWSER_LoginLogoutTestCase -->
  <testcase name="TC03_IOS_BROWSER_CurbsideASAPorder_MCAUser_TestCase" classname="com.testscripts.framework.TestChilisIOSBrowser">
    <skipped/>
  </testcase> <!-- TC03_IOS_BROWSER_CurbsideASAPorder_MCAUser_TestCase -->
  <testcase name="TC40_IOS_BROWSER_QA2_ValidateFavouriteItems_TestCase" classname="com.testscripts.framework.TestChilisIOSBrowser">
    <skipped/>
  </testcase> <!-- TC40_IOS_BROWSER_QA2_ValidateFavouriteItems_TestCase -->
  <testcase name="TC25_IOS_BROWSER_QA2_CarryOutLaterTodayOrder_MCAUser_TestCase" classname="com.testscripts.framework.TestChilisIOSBrowser">
    <skipped/>
  </testcase> <!-- TC25_IOS_BROWSER_QA2_CarryOutLaterTodayOrder_MCAUser_TestCase -->
  <testcase name="TC23_IOS_BROWSER_QA2_LoggedInUserOrder_TestCase" classname="com.testscripts.framework.TestChilisIOSBrowser">
    <skipped/>
  </testcase> <!-- TC23_IOS_BROWSER_QA2_LoggedInUserOrder_TestCase -->
  <testcase name="TC07_IOS_BROWSER_DeliveryASAPOrder_MCAUser_TestCase" classname="com.testscripts.framework.TestChilisIOSBrowser">
    <skipped/>
  </testcase> <!-- TC07_IOS_BROWSER_DeliveryASAPOrder_MCAUser_TestCase -->
  <testcase name="TC15_IOS_BROWSER_CurbsideCustomizationOrder_MCAUser_TestCase" classname="com.testscripts.framework.TestChilisIOSBrowser">
    <skipped/>
  </testcase> <!-- TC15_IOS_BROWSER_CurbsideCustomizationOrder_MCAUser_TestCase -->
  <testcase name="TC42_IOS_BROWSER_QA2_AddMyVisit_TestCase" classname="com.testscripts.framework.TestChilisIOSBrowser">
    <skipped/>
  </testcase> <!-- TC42_IOS_BROWSER_QA2_AddMyVisit_TestCase -->
  <testcase name="TC20_IOS_BROWSER_ValidateLocationSearch_GuestUser_TestCase" classname="com.testscripts.framework.TestChilisIOSBrowser">
    <skipped/>
  </testcase> <!-- TC20_IOS_BROWSER_ValidateLocationSearch_GuestUser_TestCase -->
  <testcase name="TC14_IOS_BROWSER_UpdateMyAccount_TestCase" classname="com.testscripts.framework.TestChilisIOSBrowser">
    <skipped/>
  </testcase> <!-- TC14_IOS_BROWSER_UpdateMyAccount_TestCase -->
  <testcase name="TC39_IOS_BROWSER_QA2_ValidateRewards_TestCase" classname="com.testscripts.framework.TestChilisIOSBrowser">
    <skipped/>
  </testcase> <!-- TC39_IOS_BROWSER_QA2_ValidateRewards_TestCase -->
  <testcase name="TC10_IOS_BROWSER_DeliveryASAP_GuestUser_TestCase" classname="com.testscripts.framework.TestChilisIOSBrowser">
    <skipped/>
  </testcase> <!-- TC10_IOS_BROWSER_DeliveryASAP_GuestUser_TestCase -->
  <testcase name="TC22_IOS_BROWSER_QA2_LoginLogoutTestCase" classname="com.testscripts.framework.TestChilisIOSBrowser">
    <skipped/>
  </testcase> <!-- TC22_IOS_BROWSER_QA2_LoginLogoutTestCase -->
  <testcase name="TC38_IOS_BROWSER_QA2_CarryOutFutureOrder_TestCase" classname="com.testscripts.framework.TestChilisIOSBrowser">
    <skipped/>
  </testcase> <!-- TC38_IOS_BROWSER_QA2_CarryOutFutureOrder_TestCase -->
  <testcase name="TC12_IOS_BROWSER_PlaceOrderWithRewards_TestCase" classname="com.testscripts.framework.TestChilisIOSBrowser">
    <skipped/>
  </testcase> <!-- TC12_IOS_BROWSER_PlaceOrderWithRewards_TestCase -->
  <testcase name="TC28_IOS_BROWSER_QA2_DeliveryASAPOrder_MCAUser_TestCase" classname="com.testscripts.framework.TestChilisIOSBrowser">
    <skipped/>
  </testcase> <!-- TC28_IOS_BROWSER_QA2_DeliveryASAPOrder_MCAUser_TestCase -->
  <testcase name="TC36_IOS_BROWSER_QA2_CurbsideCustomizationOrder_MCAUser_TestCase" classname="com.testscripts.framework.TestChilisIOSBrowser">
    <skipped/>
  </testcase> <!-- TC36_IOS_BROWSER_QA2_CurbsideCustomizationOrder_MCAUser_TestCase -->
  <testcase name="TC31_IOS_BROWSER_QA2_DeliveryASAP_GuestUser_TestCase" classname="com.testscripts.framework.TestChilisIOSBrowser">
    <skipped/>
  </testcase> <!-- TC31_IOS_BROWSER_QA2_DeliveryASAP_GuestUser_TestCase -->
  <testcase name="TC18_IOS_BROWSER_ValidateRewards_TestCase" classname="com.testscripts.framework.TestChilisIOSBrowser">
    <skipped/>
  </testcase> <!-- TC18_IOS_BROWSER_ValidateRewards_TestCase -->
  <testcase name="TC33_IOS_BROWSER_QA2_PlaceOrderWithRewards_TestCase" classname="com.testscripts.framework.TestChilisIOSBrowser">
    <skipped/>
  </testcase> <!-- TC33_IOS_BROWSER_QA2_PlaceOrderWithRewards_TestCase -->
  <testcase name="TC29_IOS_BROWSER_QA2_DeliveryLaterTodayOrder_MCAUser_TestCase" classname="com.testscripts.framework.TestChilisIOSBrowser">
    <skipped/>
  </testcase> <!-- TC29_IOS_BROWSER_QA2_DeliveryLaterTodayOrder_MCAUser_TestCase -->
  <testcase name="TC30_IOS_BROWSER_QA2_CurbsideOrder_GuestUser_TestCase" classname="com.testscripts.framework.TestChilisIOSBrowser">
    <skipped/>
  </testcase> <!-- TC30_IOS_BROWSER_QA2_CurbsideOrder_GuestUser_TestCase -->
  <testcase name="TC32_IOS_BROWSER_QA2_deliveryLaterTodayOrder_GuestUser_TestCase" classname="com.testscripts.framework.TestChilisIOSBrowser">
    <skipped/>
  </testcase> <!-- TC32_IOS_BROWSER_QA2_deliveryLaterTodayOrder_GuestUser_TestCase -->
  <testcase name="TC09_IOS_BROWSER_CurbsideOrder_GuestUser_TestCase" classname="com.testscripts.framework.TestChilisIOSBrowser">
    <skipped/>
  </testcase> <!-- TC09_IOS_BROWSER_CurbsideOrder_GuestUser_TestCase -->
</testsuite> <!-- com.testscripts.framework.TestChilisAndroidBrowser -->
